TN:
SF:src/controllers/apartment.controller.js
FN:6,(anonymous_0)
FN:30,(anonymous_1)
FN:57,(anonymous_2)
FN:84,(anonymous_3)
FN:115,(anonymous_4)
FNF:5
FNH:4
FNDA:1,(anonymous_0)
FNDA:1,(anonymous_1)
FNDA:1,(anonymous_2)
FNDA:0,(anonymous_3)
FNDA:1,(anonymous_4)
DA:1,2
DA:2,2
DA:3,2
DA:4,2
DA:6,2
DA:7,1
DA:8,1
DA:9,1
DA:13,1
DA:14,1
DA:15,1
DA:17,1
DA:18,1
DA:19,0
DA:24,1
DA:26,0
DA:30,2
DA:31,1
DA:32,1
DA:33,0
DA:36,1
DA:37,0
DA:39,1
DA:46,1
DA:47,1
DA:48,1
DA:49,0
DA:51,1
DA:53,0
DA:57,2
DA:58,1
DA:59,1
DA:62,1
DA:63,0
DA:66,1
DA:67,0
DA:68,0
DA:72,1
DA:73,0
DA:74,0
DA:78,1
DA:80,0
DA:84,2
DA:85,0
DA:86,0
DA:88,0
DA:89,0
DA:93,0
DA:94,0
DA:95,0
DA:98,0
DA:103,0
DA:104,0
DA:109,0
DA:111,0
DA:115,2
DA:116,1
DA:117,1
DA:121,1
DA:123,0
DA:127,2
LF:61
LH:36
BRDA:18,0,0,0
BRDA:18,0,1,1
BRDA:32,1,0,0
BRDA:32,1,1,1
BRDA:36,2,0,0
BRDA:36,2,1,1
BRDA:48,3,0,0
BRDA:48,3,1,1
BRDA:62,4,0,0
BRDA:62,4,1,1
BRDA:66,5,0,0
BRDA:66,5,1,1
BRDA:67,6,0,0
BRDA:67,6,1,0
BRDA:72,7,0,0
BRDA:72,7,1,1
BRDA:73,8,0,0
BRDA:73,8,1,0
BRDA:88,9,0,0
BRDA:88,9,1,0
BRDA:88,10,0,0
BRDA:88,10,1,0
BRDA:103,11,0,0
BRDA:103,11,1,0
BRF:24
BRH:7
end_of_record
TN:
SF:src/controllers/auth.controller.js
FN:11,(anonymous_0)
FN:28,(anonymous_1)
FN:32,(anonymous_2)
FN:43,(anonymous_3)
FN:58,(anonymous_4)
FNF:5
FNH:1
FNDA:0,(anonymous_0)
FNDA:7,(anonymous_1)
FNDA:0,(anonymous_2)
FNDA:0,(anonymous_3)
FNDA:0,(anonymous_4)
DA:1,2
DA:2,2
DA:9,2
DA:11,2
DA:12,0
DA:13,0
DA:14,0
DA:15,0
DA:16,0
DA:22,0
DA:24,0
DA:28,2
DA:29,7
DA:32,2
DA:33,0
DA:34,0
DA:36,0
DA:38,0
DA:39,0
DA:43,2
DA:44,0
DA:45,0
DA:46,0
DA:47,0
DA:48,0
DA:53,0
DA:54,0
DA:58,2
DA:59,0
DA:60,0
DA:61,0
DA:66,0
DA:67,0
DA:71,2
LF:34
LH:10
BRF:0
BRH:0
end_of_record
TN:
SF:src/controllers/index.js
FNF:0
FNH:0
DA:1,2
DA:2,2
DA:3,2
LF:3
LH:3
BRF:0
BRH:0
end_of_record
TN:
SF:src/controllers/user.controller.js
FN:6,(anonymous_0)
FN:11,(anonymous_1)
FN:18,(anonymous_2)
FN:26,(anonymous_3)
FN:31,(anonymous_4)
FNF:5
FNH:3
FNDA:2,(anonymous_0)
FNDA:1,(anonymous_1)
FNDA:0,(anonymous_2)
FNDA:0,(anonymous_3)
FNDA:1,(anonymous_4)
DA:1,2
DA:2,2
DA:3,2
DA:4,2
DA:6,2
DA:7,2
DA:8,2
DA:11,2
DA:12,1
DA:13,1
DA:14,1
DA:15,1
DA:18,2
DA:19,0
DA:20,0
DA:21,0
DA:23,0
DA:26,2
DA:27,0
DA:28,0
DA:31,2
DA:32,1
DA:33,1
DA:36,2
LF:24
LH:18
BRDA:20,0,0,0
BRDA:20,0,1,0
BRF:2
BRH:0
end_of_record
TN:
SF:src/middlewares/auth.js
FN:6,(anonymous_0)
FN:6,(anonymous_1)
FN:7,(anonymous_2)
FN:16,(anonymous_3)
FN:26,(anonymous_4)
FN:27,(anonymous_5)
FNF:6
FNH:5
FNDA:20,(anonymous_0)
FNDA:8,(anonymous_1)
FNDA:8,(anonymous_2)
FNDA:8,(anonymous_3)
FNDA:8,(anonymous_4)
FNDA:0,(anonymous_5)
DA:1,2
DA:2,2
DA:3,2
DA:4,2
DA:6,20
DA:7,8
DA:8,8
DA:9,0
DA:14,8
DA:15,8
DA:16,8
DA:17,8
DA:19,8
DA:20,0
DA:24,8
DA:26,8
DA:27,0
DA:30,2
LF:18
LH:15
BRDA:8,0,0,0
BRDA:8,0,1,8
BRDA:14,1,0,8
BRDA:14,1,1,0
BRDA:19,2,0,0
BRDA:19,2,1,8
BRF:6
BRH:3
end_of_record
TN:
SF:src/middlewares/error.js
FN:7,(anonymous_0)
FN:19,(anonymous_1)
FNF:2
FNH:2
FNDA:6,(anonymous_0)
FNDA:4,(anonymous_1)
DA:1,3
DA:2,3
DA:3,3
DA:4,3
DA:5,3
DA:7,3
DA:8,6
DA:9,6
DA:11,5
DA:12,5
DA:13,5
DA:15,6
DA:19,3
DA:20,4
DA:21,4
DA:22,1
DA:23,1
DA:26,4
DA:28,4
DA:34,4
DA:35,1
DA:38,4
DA:41,3
LF:23
LH:23
BRDA:9,0,0,5
BRDA:9,0,1,1
BRDA:11,1,0,3
BRDA:11,1,1,2
BRDA:11,2,0,5
BRDA:11,2,1,3
BRDA:12,3,0,5
BRDA:12,3,1,2
BRDA:21,4,0,1
BRDA:21,4,1,3
BRDA:21,5,0,4
BRDA:21,5,1,2
BRDA:31,6,0,4
BRDA:31,6,1,1
BRDA:34,7,0,1
BRDA:34,7,1,3
BRF:16
BRH:16
end_of_record
TN:
SF:src/middlewares/validate.js
FN:6,(anonymous_0)
FN:6,(anonymous_1)
FN:14,(anonymous_2)
FNF:3
FNH:2
FNDA:28,(anonymous_0)
FNDA:15,(anonymous_1)
FNDA:0,(anonymous_2)
DA:1,2
DA:2,2
DA:3,2
DA:4,2
DA:6,28
DA:7,15
DA:8,15
DA:9,15
DA:13,15
DA:14,0
DA:15,0
DA:17,15
DA:18,15
DA:21,2
LF:14
LH:12
BRDA:13,0,0,0
BRDA:13,0,1,15
BRF:2
BRH:1
end_of_record
TN:
SF:src/models/apartment.model.js
FNF:0
FNH:0
DA:1,3
DA:2,3
DA:3,3
DA:16,3
DA:71,3
DA:72,3
DA:74,3
DA:76,3
LF:8
LH:8
BRF:0
BRH:0
end_of_record
TN:
SF:src/models/index.js
FNF:0
FNH:0
DA:1,3
DA:2,3
DA:3,3
LF:3
LH:3
BRF:0
BRH:0
end_of_record
TN:
SF:src/models/token.model.js
FNF:0
FNH:0
DA:1,3
DA:2,3
DA:4,3
DA:31,3
DA:36,3
DA:38,3
LF:6
LH:6
BRF:0
BRH:0
end_of_record
TN:
SF:src/models/user.model.js
FN:20,(anonymous_0)
FN:31,(anonymous_1)
FN:62,(anonymous_2)
FN:70,(anonymous_3)
FN:75,(anonymous_4)
FNF:5
FNH:5
FNDA:58,(anonymous_0)
FNDA:57,(anonymous_1)
FNDA:2,(anonymous_2)
FNDA:7,(anonymous_3)
FNDA:2,(anonymous_4)
DA:1,3
DA:2,3
DA:3,3
DA:4,3
DA:5,3
DA:7,3
DA:21,58
DA:22,1
DA:32,57
DA:33,2
DA:56,3
DA:57,3
DA:62,3
DA:63,2
DA:64,2
DA:70,3
DA:71,7
DA:72,7
DA:75,3
DA:76,2
DA:77,2
DA:78,2
DA:80,2
DA:83,3
DA:85,3
LF:25
LH:25
BRDA:21,0,0,1
BRDA:21,0,1,57
BRDA:32,1,0,2
BRDA:32,1,1,55
BRDA:32,2,0,57
BRDA:32,2,1,56
BRDA:77,3,0,2
BRDA:77,3,1,0
BRF:8
BRH:7
end_of_record
TN:
SF:src/models/plugins/index.js
FNF:0
FNH:0
DA:1,3
DA:2,3
LF:2
LH:2
BRF:0
BRH:0
end_of_record
TN:
SF:src/models/plugins/paginate.plugin.js
FN:3,(anonymous_0)
FN:22,(anonymous_1)
FN:26,(anonymous_2)
FN:43,(anonymous_3)
FN:48,(anonymous_4)
FN:55,(anonymous_5)
FNF:6
FNH:3
FNDA:6,(anonymous_0)
FNDA:2,(anonymous_1)
FNDA:0,(anonymous_2)
FNDA:0,(anonymous_3)
FNDA:0,(anonymous_4)
FNDA:2,(anonymous_5)
DA:3,3
DA:22,6
DA:23,2
DA:24,2
DA:25,0
DA:26,0
DA:27,0
DA:28,0
DA:30,0
DA:32,2
DA:35,2
DA:36,2
DA:37,2
DA:39,2
DA:40,2
DA:42,2
DA:43,0
DA:44,0
DA:48,0
DA:53,2
DA:55,2
DA:56,2
DA:57,2
DA:58,2
DA:65,2
DA:70,3
LF:26
LH:18
BRDA:24,0,0,0
BRDA:24,0,1,2
BRDA:28,1,0,0
BRDA:28,1,1,0
BRDA:35,2,0,0
BRDA:35,2,1,2
BRDA:35,3,0,2
BRDA:35,3,1,0
BRDA:36,4,0,0
BRDA:36,4,1,2
BRDA:36,5,0,2
BRDA:36,5,1,0
BRDA:42,6,0,0
BRDA:42,6,1,2
BRF:14
BRH:6
end_of_record
TN:
SF:src/models/plugins/toJSON.plugin.js
FN:9,(anonymous_0)
FN:17,(anonymous_1)
FN:24,(anonymous_2)
FN:25,(anonymous_3)
FNF:4
FNH:4
FNDA:41,(anonymous_0)
FNDA:9,(anonymous_1)
FNDA:45,(anonymous_2)
FNDA:425,(anonymous_3)
DA:9,3
DA:10,41
DA:11,41
DA:12,41
DA:14,0
DA:17,3
DA:19,9
DA:20,0
DA:23,9
DA:25,45
DA:26,425
DA:27,41
DA:31,45
DA:32,45
DA:33,45
DA:36,45
DA:37,0
DA:43,3
LF:18
LH:15
BRDA:10,0,0,41
BRDA:10,0,1,0
BRDA:19,1,0,0
BRDA:19,1,1,9
BRDA:19,2,0,9
BRDA:19,2,1,0
BRDA:23,3,0,9
BRDA:23,3,1,9
BRDA:26,4,0,41
BRDA:26,4,1,384
BRDA:26,5,0,425
BRDA:26,5,1,425
BRDA:36,6,0,0
BRDA:36,6,1,45
BRF:14
BRH:10
end_of_record
TN:
SF:src/routes/apartment.route.js
FNF:0
FNH:0
DA:1,2
DA:2,2
DA:3,2
DA:4,2
DA:5,2
DA:7,2
DA:9,2
DA:22,2
DA:40,2
LF:9
LH:9
BRF:0
BRH:0
end_of_record
TN:
SF:src/routes/auth.route.js
FNF:0
FNH:0
DA:1,2
DA:2,2
DA:3,2
DA:4,2
DA:5,2
DA:7,2
DA:9,2
DA:15,2
DA:21,2
DA:22,2
DA:27,2
DA:33,2
LF:12
LH:12
BRF:0
BRH:0
end_of_record
TN:
SF:src/routes/index.js
FN:24,(anonymous_0)
FNF:1
FNH:1
FNDA:6,(anonymous_0)
DA:1,2
DA:3,2
DA:4,2
DA:5,2
DA:7,2
DA:9,2
DA:24,2
DA:25,6
DA:28,2
LF:9
LH:9
BRF:0
BRH:0
end_of_record
TN:
SF:src/routes/user.route.js
FNF:0
FNH:0
DA:1,2
DA:2,2
DA:3,2
DA:4,2
DA:5,2
DA:7,2
DA:9,2
DA:14,2
DA:20,2
LF:9
LH:9
BRF:0
BRH:0
end_of_record
TN:
SF:src/services/apartment.service.js
FN:5,(anonymous_0)
FN:29,(anonymous_1)
FN:34,(anonymous_2)
FN:38,(anonymous_3)
FN:72,(anonymous_4)
FNF:5
FNH:4
FNDA:1,(anonymous_0)
FNDA:1,(anonymous_1)
FNDA:2,(anonymous_2)
FNDA:0,(anonymous_3)
FNDA:1,(anonymous_4)
DA:1,2
DA:2,2
DA:3,2
DA:5,2
DA:6,1
DA:7,1
DA:8,1
DA:14,1
DA:15,0
DA:16,0
DA:17,0
DA:19,0
DA:20,0
DA:25,1
DA:26,1
DA:29,2
DA:30,1
DA:31,1
DA:34,2
DA:35,2
DA:38,2
DA:39,0
DA:40,0
DA:41,0
DA:44,0
DA:45,0
DA:46,0
DA:53,0
DA:54,0
DA:55,0
DA:56,0
DA:57,0
DA:59,0
DA:60,0
DA:67,0
DA:68,0
DA:69,0
DA:72,2
DA:73,1
DA:74,1
DA:75,0
DA:77,1
DA:78,0
DA:79,0
DA:86,1
DA:87,1
DA:90,2
LF:47
LH:23
BRDA:6,0,0,1
BRDA:6,0,1,0
BRDA:14,1,0,0
BRDA:14,1,1,1
BRDA:16,2,0,0
BRDA:16,2,1,0
BRDA:40,3,0,0
BRDA:40,3,1,0
BRDA:44,4,0,0
BRDA:44,4,1,0
BRDA:45,5,0,0
BRDA:45,5,1,0
BRDA:53,6,0,0
BRDA:53,6,1,0
BRDA:54,7,0,0
BRDA:54,7,1,0
BRDA:54,8,0,0
BRDA:54,8,1,0
BRDA:56,9,0,0
BRDA:56,9,1,0
BRDA:74,10,0,0
BRDA:74,10,1,1
BRDA:77,11,0,0
BRDA:77,11,1,1
BRDA:78,12,0,0
BRDA:78,12,1,0
BRF:26
BRH:4
end_of_record
TN:
SF:src/services/auth.service.js
FN:7,(anonymous_0)
FN:15,(anonymous_1)
FN:17,(anonymous_2)
FNF:3
FNH:0
FNDA:0,(anonymous_0)
FNDA:0,(anonymous_1)
FNDA:0,(anonymous_2)
DA:1,2
DA:2,2
DA:3,2
DA:4,2
DA:5,2
DA:7,2
DA:8,0
DA:9,0
DA:10,0
DA:12,0
DA:15,2
DA:17,2
DA:18,0
DA:19,0
DA:22,0
DA:23,0
DA:24,0
DA:26,0
DA:27,0
DA:29,0
DA:30,0
DA:31,0
DA:32,0
DA:36,2
LF:24
LH:9
BRDA:9,0,0,0
BRDA:9,0,1,0
BRDA:9,1,0,0
BRDA:9,1,1,0
BRDA:23,2,0,0
BRDA:23,2,1,0
BRF:6
BRH:0
end_of_record
TN:
SF:src/services/email.service.js
FN:10,(anonymous_0)
FN:11,(anonymous_1)
FN:18,(anonymous_2)
FN:23,(anonymous_3)
FNF:4
FNH:0
FNDA:0,(anonymous_0)
FNDA:0,(anonymous_1)
FNDA:0,(anonymous_2)
FNDA:0,(anonymous_3)
DA:1,2
DA:2,2
DA:3,2
DA:5,2
DA:7,2
DA:8,0
DA:10,0
DA:12,0
DA:18,2
DA:19,0
DA:20,0
DA:23,2
DA:24,0
DA:26,0
DA:27,0
DA:30,0
DA:35,2
LF:17
LH:8
BRDA:7,0,0,0
BRDA:7,0,1,2
BRF:2
BRH:1
end_of_record
TN:
SF:src/services/index.js
FNF:0
FNH:0
DA:1,2
DA:2,2
DA:3,2
DA:4,2
DA:5,2
LF:5
LH:5
BRF:0
BRH:0
end_of_record
TN:
SF:src/services/token.service.js
FN:6,(anonymous_0)
FN:15,(anonymous_1)
FN:25,(anonymous_2)
FN:38,(anonymous_3)
FNF:4
FNH:0
FNDA:0,(anonymous_0)
FNDA:0,(anonymous_1)
FNDA:0,(anonymous_2)
FNDA:0,(anonymous_3)
DA:1,2
DA:2,2
DA:3,2
DA:4,2
DA:6,2
DA:7,0
DA:12,0
DA:15,2
DA:16,0
DA:22,0
DA:25,2
DA:26,0
DA:27,0
DA:32,0
DA:33,0
DA:35,0
DA:38,2
DA:39,0
DA:43,0
DA:44,0
DA:45,0
DA:48,2
LF:22
LH:9
BRDA:6,0,0,0
BRDA:15,1,0,0
BRDA:32,2,0,0
BRDA:32,2,1,0
BRF:4
BRH:0
end_of_record
TN:
SF:src/services/user.service.js
FN:5,(anonymous_0)
FN:14,(anonymous_1)
FN:19,(anonymous_2)
FN:23,(anonymous_3)
FN:27,(anonymous_4)
FN:40,(anonymous_5)
FNF:6
FNH:5
FNDA:2,(anonymous_0)
FNDA:1,(anonymous_1)
FNDA:1,(anonymous_2)
FNDA:15,(anonymous_3)
FNDA:0,(anonymous_4)
FNDA:1,(anonymous_5)
DA:1,2
DA:2,2
DA:3,2
DA:5,2
DA:6,2
DA:8,0
DA:10,2
DA:11,2
DA:14,2
DA:15,1
DA:16,1
DA:19,2
DA:20,1
DA:23,2
DA:24,15
DA:27,2
DA:28,0
DA:29,0
DA:30,0
DA:32,0
DA:33,0
DA:35,0
DA:36,0
DA:37,0
DA:40,2
DA:41,1
DA:43,1
DA:44,0
DA:47,1
DA:51,1
DA:54,1
DA:55,1
DA:58,2
LF:33
LH:23
BRDA:6,0,0,0
BRDA:6,0,1,2
BRDA:29,1,0,0
BRDA:29,1,1,0
BRDA:32,2,0,0
BRDA:32,2,1,0
BRDA:32,3,0,0
BRDA:32,3,1,0
BRDA:43,4,0,0
BRDA:43,4,1,1
BRF:10
BRH:2
end_of_record
TN:
SF:src/utils/ApiError.js
FN:2,(anonymous_0)
FNF:1
FNH:1
FNDA:10,(anonymous_0)
DA:3,10
DA:4,10
DA:5,10
DA:6,10
DA:7,0
DA:9,10
DA:14,3
LF:7
LH:6
BRDA:2,0,0,4
BRDA:2,1,0,10
BRDA:6,2,0,0
BRDA:6,2,1,10
BRF:4
BRH:3
end_of_record
TN:
SF:src/utils/pick.js
FN:7,(anonymous_0)
FN:8,(anonymous_1)
FNF:2
FNH:2
FNDA:34,(anonymous_0)
FNDA:74,(anonymous_1)
DA:7,2
DA:8,34
DA:9,74
DA:11,30
DA:13,74
DA:17,2
LF:6
LH:6
BRDA:9,0,0,30
BRDA:9,0,1,44
BRDA:9,1,0,74
BRDA:9,1,1,74
BRF:4
BRH:4
end_of_record
TN:
SF:src/validations/apartment.validation.js
FNF:0
FNH:0
DA:1,2
DA:2,2
DA:4,2
DA:17,2
DA:30,2
DA:36,2
DA:55,2
DA:61,2
LF:8
LH:8
BRF:0
BRH:0
end_of_record
TN:
SF:src/validations/auth.validation.js
FNF:0
FNH:0
DA:1,2
DA:2,2
DA:4,2
DA:13,2
DA:20,2
DA:25,2
DA:31,2
DA:37,2
LF:8
LH:8
BRF:0
BRH:0
end_of_record
TN:
SF:src/validations/custom.validation.js
FN:1,(anonymous_0)
FN:8,(anonymous_1)
FNF:2
FNH:2
FNDA:3,(anonymous_0)
FNDA:2,(anonymous_1)
DA:1,2
DA:2,3
DA:3,0
DA:5,3
DA:8,2
DA:9,2
DA:10,0
DA:12,2
DA:13,0
DA:15,2
DA:18,2
LF:11
LH:8
BRDA:2,0,0,0
BRDA:2,0,1,3
BRDA:9,1,0,0
BRDA:9,1,1,2
BRDA:12,2,0,0
BRDA:12,2,1,2
BRDA:12,3,0,2
BRDA:12,3,1,2
BRF:8
BRH:5
end_of_record
TN:
SF:src/validations/index.js
FNF:0
FNH:0
DA:1,2
DA:2,2
DA:3,2
LF:3
LH:3
BRF:0
BRH:0
end_of_record
TN:
SF:src/validations/user.validation.js
FNF:0
FNH:0
DA:1,2
DA:2,2
DA:4,2
DA:13,2
DA:23,2
DA:29,2
DA:43,2
DA:49,2
LF:8
LH:8
BRF:0
BRH:0
end_of_record
